<?xml version="1.0" encoding="UTF-8"?><testsuite failures="0" name="cucumber.runtime.formatter.JUnitFormatter" skipped="0" tests="16" time="17.953977">
<testcase classname="Create of new cards with joker and with or without joker" name="1 Create of new cards with valid end point" time="7.332758">
<system-out><![CDATA[Given the api are up and runnig for "https://deckofcardsapi.com/api/deck/new/".passed
When A user perform post request "http://deckofcardsapi.com/api/deck/new/"..passed
Then user receives 200 response.............................................passed
Then Validate the response body for the "New" remaing value 52..............passed
]]></system-out>
</testcase>
<testcase classname="Create of new cards with joker and with or without joker" name="2 validate  the invalid end point  for new cards" time="0.647708">
<system-out><![CDATA[Given the api are up and runnig for "https://deckofcardsapi.com/api/deck/new/".passed
When A user perform post request "http://deckofcardsapi.com/api/deck/ ".....passed
Then user receives 404 response.............................................passed
]]></system-out>
</testcase>
<testcase classname="Create of new cards with joker and with or without joker" name="3 validate of new cards with invalid  end point with jokers_enabled=true" time="0.7481">
<system-out><![CDATA[Given the api are up and runnig for "https://deckofcardsapi.com/api/deck/new/".passed
When A user perform post request "https://deckofcardsapi.com/api/deck/news/".passed
Then user receives 500 response.............................................passed
]]></system-out>
</testcase>
<testcase classname="Create of new cards with joker and with or without joker" name="4 validate of new cards with  end point with jokers_enabled=true" time="0.942712">
<system-out><![CDATA[Given the api are up and runnig for "https://deckofcardsapi.com/api/deck/new/".passed
When A user perform post request "https://deckofcardsapi.com/api/deck/new/?jokers_enabled=flase".passed
Then user receives 200 response.............................................passed
Then Validate the response body for the "New" remaing value 52..............passed
]]></system-out>
</testcase>
<testcase classname="Create of new cards with joker and with or without joker" name="5 Invalid end point or resource not found" time="0.574171">
<system-out><![CDATA[Given the api are up and runnig for "https://deckofcardsapi.com/api/deck/new/".passed
When A user perform post request "http://deckofcardsapi.com/api/deck//?jokers_enabled=true".passed
Then user receives 404 response.............................................passed
]]></system-out>
</testcase>
<testcase classname="Create of new cards with joker and with or without joker" name="6 Create of new cards with invalid end point end point with jokers_enabled=true" time="0.794765">
<system-out><![CDATA[Given the api are up and runnig for "https://deckofcardsapi.com/api/deck/new/".passed
When A user perform post request "https://deckofcardsapi.com/api/deck/new/?jokers_enabled=true".passed
Then user receives 200 response.............................................passed
Then Validate the response body for the "New" remaing value 54..............passed
]]></system-out>
</testcase>
<testcase classname="Draw one or more cards from the avaible deck" name="1 Create of new cards with valid end point" time="1.210165">
<system-out><![CDATA[Given the api are up and runnig for "https://deckofcardsapi.com/api/deck/new/".passed
When A user perform post request "http://deckofcardsapi.com/api/deck/new/"..passed
And count of deck is "52"...................................................passed
Then Draw the 0 cards from the avaible deck_id by postrequest...............passed
And verify response code 200................................................passed
Then Validate the response body for the "Drawncard" remaing value 52........passed
]]></system-out>
</testcase>
<testcase classname="Draw one or more cards from the avaible deck" name="2 draw the deck count is 4" time="0.576642">
<system-out><![CDATA[Given Get the reaming count of the deck.....................................passed
Then Draw the 4 cards from the avaible deck_id by postrequest...............passed
And verify response code 200................................................passed
Then Validate the response body for the "Drawncard" remaing value 48........passed
]]></system-out>
</testcase>
<testcase classname="Draw one or more cards from the avaible deck" name="3 draw the deck count is 52" time="0.542817">
<system-out><![CDATA[Given Get the reaming count of the deck.....................................passed
Then Draw the 52 cards from the avaible deck_id by postrequest..............passed
And verify response code 200................................................passed
Then Validate the response body for the "Drawncard" remaing value 0.........passed
]]></system-out>
</testcase>
<testcase classname="Draw one or more cards from the avaible deck" name="4 draw the deck count is 53 and error message should be displayed &quot;Not enough cards remaining to draw 53 additional&quot;" time="0.478346">
<system-out><![CDATA[Given Get the reaming count of the deck.....................................passed
Then Draw the 53 cards from the avaible deck_id by postrequest..............passed
And verify response code 200................................................passed
Then error messsage should be displayed "Not enough cards remaining to draw 53 additional".passed
]]></system-out>
</testcase>
<testcase classname="Draw one or more cards from the avaible deck" name="5 draw the deck count is 52" time="0.409085">
<system-out><![CDATA[Given Get the reaming count of the deck.....................................passed
Then Draw the 5 cards from the avaible deck_id by postrequest...............passed
And verify response code 200................................................passed
Then Validate the response body for the "Drawncard" remaing value 0.........passed
Then error messsage should be displayed "Not enough cards remaining to draw 5 additional".passed
]]></system-out>
</testcase>
<testcase classname="Draw one or more cards from the avaible deck" name="6 Create of new cards with valid end point along with jokers_enabled" time="1.084796">
<system-out><![CDATA[Given the api are up and runnig for "https://deckofcardsapi.com/api/deck/new/".passed
And A user perform post request "http://deckofcardsapi.com/api/deck/new/?jokers_enabled=true".passed
And count of deck is "54"...................................................passed
Then Draw the 0 cards from the avaible deck_id by postrequest...............passed
And verify response code 200................................................passed
Then Validate the response body for the "Drawncard" remaing value 54........passed
]]></system-out>
</testcase>
<testcase classname="Draw one or more cards from the avaible deck" name="7 draw the deck count is 56 and error message should be displayed &quot;Not enough cards remaining to draw 56 additional&quot;" time="0.353852">
<system-out><![CDATA[Given Get the reaming count of the deck.....................................passed
Then Draw the 56 cards from the avaible deck_id by postrequest..............passed
And verify response code 200................................................passed
Then error messsage should be displayed "Not enough cards remaining to draw 56 additional".passed
]]></system-out>
</testcase>
<testcase classname="Draw one or more cards from the avaible deck" name="7 draw the deck count is 4" time="0.587829">
<system-out><![CDATA[Given Get the reaming count of the deck.....................................passed
Then Draw the 4 cards from the avaible deck_id by postrequest...............passed
And verify response code 200................................................passed
Then Validate the response body for the "Drawncard" remaing value 0.........passed
Then error messsage should be displayed "Not enough cards remaining to draw 4 additional".passed
]]></system-out>
</testcase>
<testcase classname="Draw one or more cards from the avaible deck" name="8 500 error for  cards along with  jokers_enabled=true" time="0.921518">
<system-out><![CDATA[Given the api are up and runnig for "https://deckofcardsapi.com/api/deck/new/".passed
And A user perform post request "http://deckofcardsapi.com/api/deck/new/?jokers_enabled=true".passed
And count of deck is "54"...................................................passed
Then Draw the by postrequest "https://deckofcardsapi.com/api/deck//draw/"...passed
And verify response code 500................................................passed
]]></system-out>
</testcase>
<testcase classname="Draw one or more cards from the avaible deck" name="9 404 error for  cards along with  jokers_enabled=true" time="0.748713">
<system-out><![CDATA[Given the api are up and runnig for "https://deckofcardsapi.com/api/deck/new/".passed
And A user perform post request "http://deckofcardsapi.com/api/deck/new/?jokers_enabled=true".passed
And count of deck is "54"...................................................passed
Then Draw the by postrequest "https://deckofcardsapi.com/api/deck/%3C%3Cdeck_id%3E%3E/draw/".passed
And verify response code 404................................................passed
]]></system-out>
</testcase>
</testsuite>
