<?xml version="1.0" encoding="UTF-8" ?>
<testsuite tests="85" failures="2" name="Runner.TestRunner" time="0.059" errors="0" skipped="1">
  <properties>
[...]
</properties>
  <testcase classname="Scenario: 1 Create of new cards with valid end point" name="Given the api are up and runnig for &quot;https://deckofcardsapi.com/api/deck/new/&quot;" time="0.005"/>
  <testcase classname="Scenario: 1 Create of new cards with valid end point" name="When A user perform post request &quot;http://deckofcardsapi.com/api/deck/new/&quot;" time="0"/>
  <testcase classname="Scenario: 1 Create of new cards with valid end point" name="Then user receives 400 response" time="0.005">
    <failure message="expected:&lt;400&gt; but was:&lt;200&gt;" type="java.lang.AssertionError">java.lang.AssertionError: expected:&lt;400&gt; but was:&lt;200&gt;
	at org.junit.Assert.fail(Assert.java:88)
	at org.junit.Assert.failNotEquals(Assert.java:834)
	at org.junit.Assert.assertEquals(Assert.java:645)
	at org.junit.Assert.assertEquals(Assert.java:631)
	at general.card_draw_reusable.response_code(card_draw_reusable.java:65)
	at StepDef.NewDeckCreation.user_receives_response(NewDeckCreation.java:34)
	at ✽.Then user receives 400 response(src/test/resource/Feature/Createnewdeckcards.feature:7)
</failure>
  </testcase>
  <testcase classname="Scenario: 1 Create of new cards with valid end point" name="Scenario: 1 Create of new cards with valid end point" time="0.006">
    <failure message="expected:&lt;400&gt; but was:&lt;200&gt;" type="java.lang.AssertionError">java.lang.AssertionError: expected:&lt;400&gt; but was:&lt;200&gt;
	at org.junit.Assert.fail(Assert.java:88)
	at org.junit.Assert.failNotEquals(Assert.java:834)
	at org.junit.Assert.assertEquals(Assert.java:645)
	at org.junit.Assert.assertEquals(Assert.java:631)
	at general.card_draw_reusable.response_code(card_draw_reusable.java:65)
	at StepDef.NewDeckCreation.user_receives_response(NewDeckCreation.java:34)
	at ✽.Then user receives 400 response(src/test/resource/Feature/Createnewdeckcards.feature:7)
</failure>
  </testcase>
  <testcase classname="Scenario: 1 Create of new cards with valid end point" name="Then Validate the response body for the &quot;New&quot; remaing value 52" time="0.01">
    <skipped/>
  </testcase>
  <testcase classname="Scenario: 2 validate  the invalid end point  for new cards" name="Given the api are up and runnig for &quot;https://deckofcardsapi.com/api/deck/new/&quot;" time="0.001"/>
  <testcase classname="Scenario: 2 validate  the invalid end point  for new cards" name="When A user perform post request &quot;http://deckofcardsapi.com/api/deck/ &quot;" time="0"/>
  <testcase classname="Scenario: 2 validate  the invalid end point  for new cards" name="Then user receives 404 response" time="0"/>
  <testcase classname="Scenario: 2 validate  the invalid end point  for new cards" name="Scenario: 2 validate  the invalid end point  for new cards" time="0.001"/>
  <testcase classname="Scenario: 3 validate of new cards with invalid  end point with jokers_enabled=true" name="Given the api are up and runnig for &quot;https://deckofcardsapi.com/api/deck/new/&quot;" time="0"/>
  <testcase classname="Scenario: 3 validate of new cards with invalid  end point with jokers_enabled=true" name="When A user perform post request &quot;https://deckofcardsapi.com/api/deck/news/&quot;" time="0"/>
  <testcase classname="Scenario: 3 validate of new cards with invalid  end point with jokers_enabled=true" name="Then user receives 500 response" time="0.001"/>
  <testcase classname="Scenario: 3 validate of new cards with invalid  end point with jokers_enabled=true" name="Scenario: 3 validate of new cards with invalid  end point with jokers_enabled=true" time="0.003"/>
  <testcase classname="Scenario: 4 validate of new cards with  end point with jokers_enabled=true" name="Given the api are up and runnig for &quot;https://deckofcardsapi.com/api/deck/new/&quot;" time="0.002"/>
  <testcase classname="Scenario: 4 validate of new cards with  end point with jokers_enabled=true" name="When A user perform post request &quot;https://deckofcardsapi.com/api/deck/new/?jokers_enabled=flase&quot;" time="0"/>
  <testcase classname="Scenario: 4 validate of new cards with  end point with jokers_enabled=true" name="Then user receives 200 response" time="0"/>
  <testcase classname="Scenario: 4 validate of new cards with  end point with jokers_enabled=true" name="Then Validate the response body for the &quot;New&quot; remaing value 53" time="0"/>
  <testcase classname="Scenario: 4 validate of new cards with  end point with jokers_enabled=true" name="Scenario: 4 validate of new cards with  end point with jokers_enabled=true" time="0.001"/>
  <testcase classname="Scenario: 5 Invalid end point or resource not found" name="Given the api are up and runnig for &quot;https://deckofcardsapi.com/api/deck/new/&quot;" time="0"/>
  <testcase classname="Scenario: 5 Invalid end point or resource not found" name="When A user perform post request &quot;http://deckofcardsapi.com/api/deck//?jokers_enabled=true&quot;" time="0"/>
  <testcase classname="Scenario: 5 Invalid end point or resource not found" name="Then user receives 404 response" time="0"/>
  <testcase classname="Scenario: 5 Invalid end point or resource not found" name="Scenario: 5 Invalid end point or resource not found" time="0.001"/>
  <testcase classname="Scenario: 6 Create of new cards with invalid end point end point with jokers_enabled=true" name="Given the api are up and runnig for &quot;https://deckofcardsapi.com/api/deck/new/&quot;" time="0"/>
  <testcase classname="Scenario: 6 Create of new cards with invalid end point end point with jokers_enabled=true" name="When A user perform post request &quot;https://deckofcardsapi.com/api/deck/new/?jokers_enabled=true&quot;" time="0"/>
  <testcase classname="Scenario: 6 Create of new cards with invalid end point end point with jokers_enabled=true" name="Then user receives 200 response" time="0.002"/>
  <testcase classname="Scenario: 6 Create of new cards with invalid end point end point with jokers_enabled=true" name="Then Validate the response body for the &quot;New&quot; remaing value 54" time="0.001"/>
  <testcase classname="Scenario: 6 Create of new cards with invalid end point end point with jokers_enabled=true" name="Scenario: 6 Create of new cards with invalid end point end point with jokers_enabled=true" time="0.001"/>
  <testcase classname="Scenario: 1 Create of new cards with valid end point" name="Given the api are up and runnig for &quot;https://deckofcardsapi.com/api/deck/new/&quot;" time="0"/>
  <testcase classname="Scenario: 1 Create of new cards with valid end point" name="When A user perform post request &quot;http://deckofcardsapi.com/api/deck/new/&quot;" time="0"/>
  <testcase classname="Scenario: 1 Create of new cards with valid end point" name="And count of deck is &quot;52&quot;" time="0"/>
  <testcase classname="Scenario: 1 Create of new cards with valid end point" name="Then Draw the 0 cards from the avaible deck_id by postrequest" time="0"/>
  <testcase classname="Scenario: 1 Create of new cards with valid end point" name="And verify response code 200" time="0.001"/>
  <testcase classname="Scenario: 1 Create of new cards with valid end point" name="Then Validate the response body for the &quot;Drawncard&quot; remaing value 52" time="0.001"/>
  <testcase classname="Scenario: 1 Create of new cards with valid end point" name="Scenario: 1 Create of new cards with valid end point" time="0.002"/>
  <testcase classname="Scenario: 2 draw the deck count is 4" name="Given Get the reaming count of the deck" time="0"/>
  <testcase classname="Scenario: 2 draw the deck count is 4" name="Then Draw the 4 cards from the avaible deck_id by postrequest" time="0"/>
  <testcase classname="Scenario: 2 draw the deck count is 4" name="And verify response code 200" time="0"/>
  <testcase classname="Scenario: 2 draw the deck count is 4" name="Then Validate the response body for the &quot;Drawncard&quot; remaing value 48" time="0"/>
  <testcase classname="Scenario: 2 draw the deck count is 4" name="Scenario: 2 draw the deck count is 4" time="0.001"/>
  <testcase classname="Scenario: 3 draw the deck count is 52" name="Given Get the reaming count of the deck" time="0"/>
  <testcase classname="Scenario: 3 draw the deck count is 52" name="Then Draw the 52 cards from the avaible deck_id by postrequest" time="0.001"/>
  <testcase classname="Scenario: 3 draw the deck count is 52" name="And verify response code 200" time="0"/>
  <testcase classname="Scenario: 3 draw the deck count is 52" name="Then Validate the response body for the &quot;Drawncard&quot; remaing value 0" time="0"/>
  <testcase classname="Scenario: 3 draw the deck count is 52" name="Scenario: 3 draw the deck count is 52" time="0.001"/>
  <testcase classname="Scenario: 4 draw the deck count is 53 and error message should be displayed &quot;Not enough cards remaining to draw 53 additional&quot;" name="Given Get the reaming count of the deck" time="0"/>
  <testcase classname="Scenario: 4 draw the deck count is 53 and error message should be displayed &quot;Not enough cards remaining to draw 53 additional&quot;" name="Then Draw the 53 cards from the avaible deck_id by postrequest" time="0.001"/>
  <testcase classname="Scenario: 4 draw the deck count is 53 and error message should be displayed &quot;Not enough cards remaining to draw 53 additional&quot;" name="And verify response code 200" time="0"/>
  <testcase classname="Scenario: 4 draw the deck count is 53 and error message should be displayed &quot;Not enough cards remaining to draw 53 additional&quot;" name="Then error messsage should be displayed &quot;Not enough cards remaining to draw 53 additional&quot;" time="0"/>
  <testcase classname="Scenario: 4 draw the deck count is 53 and error message should be displayed &quot;Not enough cards remaining to draw 53 additional&quot;" name="Scenario: 4 draw the deck count is 53 and error message should be displayed &quot;Not enough cards remaining to draw 53 additional&quot;" time="0.003"/>
  <testcase classname="Scenario: 5 draw the deck count is 52" name="Given Get the reaming count of the deck" time="0"/>
  <testcase classname="Scenario: 5 draw the deck count is 52" name="Then Draw the 5 cards from the avaible deck_id by postrequest" time="0"/>
  <testcase classname="Scenario: 5 draw the deck count is 52" name="And verify response code 200" time="0"/>
  <testcase classname="Scenario: 5 draw the deck count is 52" name="Then Validate the response body for the &quot;Drawncard&quot; remaing value 0" time="0"/>
  <testcase classname="Scenario: 5 draw the deck count is 52" name="Then error messsage should be displayed &quot;Not enough cards remaining to draw 5 additional&quot;" time="0"/>
  <testcase classname="Scenario: 5 draw the deck count is 52" name="Scenario: 5 draw the deck count is 52" time="0.001"/>
  <testcase classname="Scenario: 6 Create of new cards with valid end point along with jokers_enabled" name="Given the api are up and runnig for &quot;https://deckofcardsapi.com/api/deck/new/&quot;" time="0"/>
  <testcase classname="Scenario: 6 Create of new cards with valid end point along with jokers_enabled" name="And A user perform post request &quot;http://deckofcardsapi.com/api/deck/new/?jokers_enabled=true&quot;" time="0"/>
  <testcase classname="Scenario: 6 Create of new cards with valid end point along with jokers_enabled" name="And count of deck is &quot;54&quot;" time="0"/>
  <testcase classname="Scenario: 6 Create of new cards with valid end point along with jokers_enabled" name="Then Draw the 0 cards from the avaible deck_id by postrequest" time="0"/>
  <testcase classname="Scenario: 6 Create of new cards with valid end point along with jokers_enabled" name="And verify response code 200" time="0"/>
  <testcase classname="Scenario: 6 Create of new cards with valid end point along with jokers_enabled" name="Then Validate the response body for the &quot;Drawncard&quot; remaing value 54" time="0"/>
  <testcase classname="Scenario: 6 Create of new cards with valid end point along with jokers_enabled" name="Scenario: 6 Create of new cards with valid end point along with jokers_enabled" time="0.001"/>
  <testcase classname="Scenario: 7 draw the deck count is 56 and error message should be displayed &quot;Not enough cards remaining to draw 56 additional&quot;" name="Given Get the reaming count of the deck" time="0"/>
  <testcase classname="Scenario: 7 draw the deck count is 56 and error message should be displayed &quot;Not enough cards remaining to draw 56 additional&quot;" name="Then Draw the 56 cards from the avaible deck_id by postrequest" time="0"/>
  <testcase classname="Scenario: 7 draw the deck count is 56 and error message should be displayed &quot;Not enough cards remaining to draw 56 additional&quot;" name="And verify response code 200" time="0"/>
  <testcase classname="Scenario: 7 draw the deck count is 56 and error message should be displayed &quot;Not enough cards remaining to draw 56 additional&quot;" name="Then error messsage should be displayed &quot;Not enough cards remaining to draw 56 additional&quot;" time="0"/>
  <testcase classname="Scenario: 7 draw the deck count is 56 and error message should be displayed &quot;Not enough cards remaining to draw 56 additional&quot;" name="Scenario: 7 draw the deck count is 56 and error message should be displayed &quot;Not enough cards remaining to draw 56 additional&quot;" time="0.002"/>
  <testcase classname="Scenario: 7 draw the deck count is 4" name="Given Get the reaming count of the deck" time="0"/>
  <testcase classname="Scenario: 7 draw the deck count is 4" name="Then Draw the 4 cards from the avaible deck_id by postrequest" time="0"/>
  <testcase classname="Scenario: 7 draw the deck count is 4" name="And verify response code 200" time="0"/>
  <testcase classname="Scenario: 7 draw the deck count is 4" name="Then Validate the response body for the &quot;Drawncard&quot; remaing value 0" time="0"/>
  <testcase classname="Scenario: 7 draw the deck count is 4" name="Then error messsage should be displayed &quot;Not enough cards remaining to draw 4 additional&quot;" time="0"/>
  <testcase classname="Scenario: 7 draw the deck count is 4" name="Scenario: 7 draw the deck count is 4" time="0"/>
  <testcase classname="Scenario: 8 500 error for  cards along with  jokers_enabled=true" name="Given the api are up and runnig for &quot;https://deckofcardsapi.com/api/deck/new/&quot;" time="0"/>
  <testcase classname="Scenario: 8 500 error for  cards along with  jokers_enabled=true" name="And A user perform post request &quot;http://deckofcardsapi.com/api/deck/new/?jokers_enabled=true&quot;" time="0"/>
  <testcase classname="Scenario: 8 500 error for  cards along with  jokers_enabled=true" name="And count of deck is &quot;54&quot;" time="0"/>
  <testcase classname="Scenario: 8 500 error for  cards along with  jokers_enabled=true" name="Then Draw the by postrequest &quot;https://deckofcardsapi.com/api/deck//draw/&quot;" time="0.001"/>
  <testcase classname="Scenario: 8 500 error for  cards along with  jokers_enabled=true" name="And verify response code 500" time="0"/>
  <testcase classname="Scenario: 8 500 error for  cards along with  jokers_enabled=true" name="Scenario: 8 500 error for  cards along with  jokers_enabled=true" time="0.001"/>
  <testcase classname="Scenario: 9 404 error for  cards along with  jokers_enabled=true" name="Given the api are up and runnig for &quot;https://deckofcardsapi.com/api/deck/new/&quot;" time="0"/>
  <testcase classname="Scenario: 9 404 error for  cards along with  jokers_enabled=true" name="And A user perform post request &quot;http://deckofcardsapi.com/api/deck/new/?jokers_enabled=true&quot;" time="0"/>
  <testcase classname="Scenario: 9 404 error for  cards along with  jokers_enabled=true" name="And count of deck is &quot;54&quot;" time="0"/>
  <testcase classname="Scenario: 9 404 error for  cards along with  jokers_enabled=true" name="Then Draw the by postrequest &quot;https://deckofcardsapi.com/api/deck/%3C%3Cdeck_id%3E%3E/draw/&quot;" time="0"/>
  <testcase classname="Scenario: 9 404 error for  cards along with  jokers_enabled=true" name="And verify response code 404" time="0"/>
  <testcase classname="Scenario: 9 404 error for  cards along with  jokers_enabled=true" name="Scenario: 9 404 error for  cards along with  jokers_enabled=true" time="0.002"/>
</testsuite>